<?xml version="1.0" encoding="UTF-8"?>
<testng-results ignored="0" total="1" passed="1" failed="0" skipped="0">
  <reporter-output>
  </reporter-output>
  <suite started-at="2026-06-20T16:42:28 IST" name="Surefire suite" finished-at="2026-06-20T16:42:28 IST" duration-ms="6">
    <groups>
    </groups>
    <test started-at="2026-06-20T16:42:28 IST" name="Surefire test" finished-at="2026-06-20T16:42:28 IST" duration-ms="6">
      <class name="com.example.AppTest">
        <test-method signature="testApp()[pri:0, instance:testApp(com.example.AppTest)]" started-at="2026-06-20T16:42:28 IST" name="testApp" finished-at="2026-06-20T16:42:28 IST" duration-ms="1" status="PASS">
          <reporter-output>
          </reporter-output>
        </test-method> <!-- testApp -->
      </class> <!-- com.example.AppTest -->
    </test> <!-- Surefire test -->
  </suite> <!-- Surefire suite -->
</testng-results>
