<?xml version="1.0" encoding="UTF-8"?>
<testng-results ignored="0" total="1" passed="1" failed="0" skipped="0">
  <reporter-output>
  </reporter-output>
  <suite started-at="2026-06-20T16:42:09 IST" name="Surefire suite" finished-at="2026-06-20T16:42:28 IST" duration-ms="18152">
    <groups>
    </groups>
    <test started-at="2026-06-20T16:42:09 IST" name="Surefire test" finished-at="2026-06-20T16:42:28 IST" duration-ms="18152">
      <class name="com.example.MiniTest">
        <test-method signature="simpleTest()[pri:0, instance:com.example.MiniTest@70b0b186]" started-at="2026-06-20T16:42:09 IST" name="simpleTest" finished-at="2026-06-20T16:42:28 IST" duration-ms="18133" status="PASS">
          <reporter-output>
          </reporter-output>
        </test-method> <!-- simpleTest -->
      </class> <!-- com.example.MiniTest -->
    </test> <!-- Surefire test -->
  </suite> <!-- Surefire suite -->
</testng-results>
